0 info it worked if it ends with ok
1 verbose cli [ 'C:\\Program Files\\nodejs\\node.exe',
1 verbose cli   'C:\\Program Files\\nodejs\\node_modules\\npm\\bin\\npm-cli.js',
1 verbose cli   'run',
1 verbose cli   'watch' ]
2 info using npm@4.1.2
3 info using node@v7.7.1
4 verbose run-script [ 'prewatch', 'watch', 'postwatch' ]
5 info lifecycle uni.ts@0.0.2~prewatch: uni.ts@0.0.2
6 silly lifecycle uni.ts@0.0.2~prewatch: no script for prewatch, continuing
7 info lifecycle uni.ts@0.0.2~watch: uni.ts@0.0.2
8 verbose lifecycle uni.ts@0.0.2~watch: unsafe-perm in lifecycle true
9 verbose lifecycle uni.ts@0.0.2~watch: PATH: C:\Program Files\nodejs\node_modules\npm\bin\node-gyp-bin;C:\works\Node.js\uni.ts\node_modules\.bin;C:\ProgramData\Oracle\Java\javapath;C:\WINDOWS\system32;C:\WINDOWS;C:\WINDOWS\System32\Wbem;C:\WINDOWS\System32\WindowsPowerShell\v1.0\;C:\Program Files (x86)\GtkSharp\2.12\bin;C:\Program Files (x86)\ePapyrus\Papyrus-PlugIn-ntas;C:\Program Files (x86)\ePapyrus\Papyrus-PlugIn-ntas\Addins;C:\Program Files\Bandizip\7z;C:\Program Files\Java\jdk1.8.0_77\bin;C:\Program Files (x86)\PuTTY\;C:\WINDOWS\system32;C:\WINDOWS;C:\WINDOWS\System32\Wbem;C:\WINDOWS\System32\WindowsPowerShell\v1.0\;c:\AndroidSDK\platform-tools\;C:\Program Files\nodejs\;C:\Program Files\dotnet\;C:\Program Files\Git\cmd;C:\Program Files\TortoiseGit\bin;C:\Program Files\CMake\bin;c:\dev\libs\all;C:\Program Files (x86)\Microsoft Visual Studio\2017\Community\VC\Tools\MSVC\14.10.25017\bin\HostX64\x86;C:\Program Files\Microsoft SQL Server\130\Tools\Binn\;C:\Program Files (x86)\Microsoft VS Code\bin;C:\Users\ceomo\AppData\Local\Microsoft\WindowsApps;C:\Users\ceomo\AppData\Roaming\npm;C:\Program Files\Heroku\bin
10 verbose lifecycle uni.ts@0.0.2~watch: CWD: C:\works\Node.js\uni.ts
11 silly lifecycle uni.ts@0.0.2~watch: Args: [ '/d /s /c',
11 silly lifecycle   'watchify source/uni.ts -p tsify -o source/build/js/uni.js -dv' ]
12 silly lifecycle uni.ts@0.0.2~watch: Returned: code: 1  signal: null
13 info lifecycle uni.ts@0.0.2~watch: Failed to exec watch script
14 verbose stack Error: uni.ts@0.0.2 watch: `watchify source/uni.ts -p tsify -o source/build/js/uni.js -dv`
14 verbose stack Exit status 1
14 verbose stack     at EventEmitter.<anonymous> (C:\Program Files\nodejs\node_modules\npm\lib\utils\lifecycle.js:279:16)
14 verbose stack     at emitTwo (events.js:106:13)
14 verbose stack     at EventEmitter.emit (events.js:194:7)
14 verbose stack     at ChildProcess.<anonymous> (C:\Program Files\nodejs\node_modules\npm\lib\utils\spawn.js:40:14)
14 verbose stack     at emitTwo (events.js:106:13)
14 verbose stack     at ChildProcess.emit (events.js:194:7)
14 verbose stack     at maybeClose (internal/child_process.js:899:16)
14 verbose stack     at Process.ChildProcess._handle.onexit (internal/child_process.js:226:5)
15 verbose pkgid uni.ts@0.0.2
16 verbose cwd C:\works\Node.js\uni.ts
17 error Windows_NT 10.0.14393
18 error argv "C:\\Program Files\\nodejs\\node.exe" "C:\\Program Files\\nodejs\\node_modules\\npm\\bin\\npm-cli.js" "run" "watch"
19 error node v7.7.1
20 error npm  v4.1.2
21 error code ELIFECYCLE
22 error uni.ts@0.0.2 watch: `watchify source/uni.ts -p tsify -o source/build/js/uni.js -dv`
22 error Exit status 1
23 error Failed at the uni.ts@0.0.2 watch script 'watchify source/uni.ts -p tsify -o source/build/js/uni.js -dv'.
23 error Make sure you have the latest version of node.js and npm installed.
23 error If you do, this is most likely a problem with the uni.ts package,
23 error not with npm itself.
23 error Tell the author that this fails on your system:
23 error     watchify source/uni.ts -p tsify -o source/build/js/uni.js -dv
23 error You can get information on how to open an issue for this project with:
23 error     npm bugs uni.ts
23 error Or if that isn't available, you can get their info via:
23 error     npm owner ls uni.ts
23 error There is likely additional logging output above.
24 verbose exit [ 1, true ]
